API keys loaded : 17
Sleep per call  : 0.6s
Target weeks : 82
Already done : 1370
Remaining    : 13
Est. time    : 4 min

[1/13] Week 2024-09-06
    Q1 page 1/3 (20240906 to 20240912) ...       [429] key …9iUbZ9 rate-limited — rotating to next key
      [429] key …s8z5Tq rate-limited — rotating to next key
      [429] key …t04sxt rate-limited — rotating to next key
      [429] key …AGBGta rate-limited — rotating to next key
      [429] key …A2fc5O rate-limited — rotating to next key
      [429] key …RoGIRx rate-limited — rotating to next key
      [429] key …vQbZd9 rate-limited — rotating to next key
      [429] key …uKiyD0 rate-limited — rotating to next key
      [429] key …1WrtV7 rate-limited — rotating to next key
      [429] key …Jpr03v rate-limited — rotating to next key
      [429] key …yo0u1e rate-limited — rotating to next key
      [429] key …NIyouR rate-limited — rotating to next key
      [429] key …GBmwwE rate-limited — rotating to next key
10 articles
    Q1 page 2/3 (20240906 to 20240912) ... 0 articles
    Q2 page 1/3 (20240906 to 20240912) ... 7 articles
    Q2 page 2/3 (20240906 to 20240912) ... 8 articles
    Q2 page 3/3 (20240906 to 20240912) ... 1 articles
    Q3 page 1/3 (20240906 to 20240912) ... 1 articles
    Q3 page 2/3 (20240906 to 20240912) ... 0 articles
    Q4 page 1/3 (20240906 to 20240912) ... 5 articles
    Q4 page 2/3 (20240906 to 20240912) ... 8 articles
    Q4 page 3/3 (20240906 to 20240912) ... 4 articles
    Q5 page 1/3 (20240906 to 20240912) ... 0 articles
    Q5 page 2/3 (20240906 to 20240912) ... 0 articles
    Q6 page 1/3 (20240906 to 20240912) ... 0 articles
    Q6 page 2/3 (20240906 to 20240912) ... 0 articles
    Q7 page 1/3 (20240906 to 20240912) ... 1 articles
    Q7 page 2/3 (20240906 to 20240912) ... 0 articles
    Q8 page 1/3 (20240906 to 20240912) ... 0 articles
    Q8 page 2/3 (20240906 to 20240912) ... 0 articles
    Q9 page 1/3 (20240906 to 20240912) ... 6 articles
    Q9 page 2/3 (20240906 to 20240912) ... 1 articles
    Q9 page 3/3 (20240906 to 20240912) ...       [429] key …ZhfO0p rate-limited — rotating to next key
      [429] key …88t7MM rate-limited — rotating to next key
      [429] key …OE149G rate-limited — rotating to next key
      [429] key …HPD6Ch rate-limited — rotating to next key
      All 17 keys rate-limited — waiting 45s...
      [429] key …9iUbZ9 rate-limited — rotating to next key
      [429] key …s8z5Tq rate-limited — rotating to next key
      [429] key …t04sxt rate-limited — rotating to next key
      [429] key …AGBGta rate-limited — rotating to next key
      [429] key …A2fc5O rate-limited — rotating to next key
      [429] key …RoGIRx rate-limited — rotating to next key
      [429] key …vQbZd9 rate-limited — rotating to next key
      [429] key …uKiyD0 rate-limited — rotating to next key
      [429] key …1WrtV7 rate-limited — rotating to next key
      [429] key …Jpr03v rate-limited — rotating to next key
      [429] key …yo0u1e rate-limited — rotating to next key
      [429] key …NIyouR rate-limited — rotating to next key
      [429] key …GBmwwE rate-limited — rotating to next key
      All 17 keys rate-limited — waiting 17s...
0 articles
    Q10 page 1/3 (20240906 to 20240912) ... 4 articles
    Q10 page 2/3 (20240906 to 20240912) ... 0 articles
    Q10 page 3/3 (20240906 to 20240912) ... 0 articles
    => 56 written  (running total: 56)
[2/13] Week 2024-09-13
    Q1 page 1/3 (20240913 to 20240919) ... 10 articles
    Q1 page 2/3 (20240913 to 20240919) ... 1 articles
    Q1 page 3/3 (20240913 to 20240919) ... 0 articles
    Q2 page 1/3 (20240913 to 20240919) ... 4 articles
    Q2 page 2/3 (20240913 to 20240919) ... 1 articles
    Q2 page 3/3 (20240913 to 20240919) ... 0 articles
    Q3 page 1/3 (20240913 to 20240919) ... 0 articles
    Q3 page 2/3 (20240913 to 20240919) ... 0 articles
    Q4 page 1/3 (20240913 to 20240919) ... 5 articles
    Q4 page 2/3 (20240913 to 20240919) ... 8 articles
    Q4 page 3/3 (20240913 to 20240919) ... 3 articles
    Q5 page 1/3 (20240913 to 20240919) ... 0 articles
    Q5 page 2/3 (20240913 to 20240919) ... 0 articles
    Q6 page 1/3 (20240913 to 20240919) ... 0 articles
    Q6 page 2/3 (20240913 to 20240919) ... 0 articles
    Q7 page 1/3 (20240913 to 20240919) ... 0 articles
    Q7 page 2/3 (20240913 to 20240919) ...       [429] key …ZhfO0p rate-limited — rotating to next key
      [429] key …88t7MM rate-limited — rotating to next key
      [429] key …OE149G rate-limited — rotating to next key
      [429] key …HPD6Ch rate-limited — rotating to next key
      All 17 keys rate-limited — waiting 26s...
      [429] key …9iUbZ9 rate-limited — rotating to next key
      [429] key …s8z5Tq rate-limited — rotating to next key
      [429] key …t04sxt rate-limited — rotating to next key
      [429] key …AGBGta rate-limited — rotating to next key
      [429] key …A2fc5O rate-limited — rotating to next key
      [429] key …RoGIRx rate-limited — rotating to next key
      [429] key …vQbZd9 rate-limited — rotating to next key
      [429] key …uKiyD0 rate-limited — rotating to next key
      [429] key …1WrtV7 rate-limited — rotating to next key
      [429] key …Jpr03v rate-limited — rotating to next key
      [429] key …yo0u1e rate-limited — rotating to next key
      [429] key …NIyouR rate-limited — rotating to next key
      [429] key …GBmwwE rate-limited — rotating to next key
      All 17 keys rate-limited — waiting 37s...
0 articles
    Q8 page 1/3 (20240913 to 20240919) ... 2 articles
    Q8 page 2/3 (20240913 to 20240919) ... 0 articles
    Q9 page 1/3 (20240913 to 20240919) ... 6 articles
    Q9 page 2/3 (20240913 to 20240919) ... 0 articles
    Q10 page 1/3 (20240913 to 20240919) ... 6 articles
    Q10 page 2/3 (20240913 to 20240919) ... 1 articles
    Q10 page 3/3 (20240913 to 20240919) ... 0 articles
    => 47 written  (running total: 103)
[3/13] Week 2024-09-20
    Q1 page 1/3 (20240920 to 20240926) ... 4 articles
    Q1 page 2/3 (20240920 to 20240926) ... 0 articles
    Q2 page 1/3 (20240920 to 20240926) ... 9 articles
    Q2 page 2/3 (20240920 to 20240926) ... 0 articles
    Q3 page 1/3 (20240920 to 20240926) ... 2 articles
    Q3 page 2/3 (20240920 to 20240926) ... 0 articles
    Q4 page 1/3 (20240920 to 20240926) ... 5 articles
    Q4 page 2/3 (20240920 to 20240926) ... 0 articles
    Q5 page 1/3 (20240920 to 20240926) ... 0 articles
    Q5 page 2/3 (20240920 to 20240926) ... 0 articles
    Q6 page 1/3 (20240920 to 20240926) ... 0 articles
    Q6 page 2/3 (20240920 to 20240926) ... 0 articles
    Q7 page 1/3 (20240920 to 20240926) ...       [429] key …ZhfO0p rate-limited — rotating to next key
      [429] key …88t7MM rate-limited — rotating to next key
      [429] key …OE149G rate-limited — rotating to next key
      [429] key …HPD6Ch rate-limited — rotating to next key
      All 17 keys rate-limited — waiting 6s...
      [429] key …9iUbZ9 rate-limited — rotating to next key
      [429] key …s8z5Tq rate-limited — rotating to next key
      [429] key …t04sxt rate-limited — rotating to next key
      [429] key …AGBGta rate-limited — rotating to next key
      [429] key …A2fc5O rate-limited — rotating to next key
      [429] key …RoGIRx rate-limited — rotating to next key
      [429] key …vQbZd9 rate-limited — rotating to next key
      [429] key …uKiyD0 rate-limited — rotating to next key
      [429] key …1WrtV7 rate-limited — rotating to next key
      [429] key …Jpr03v rate-limited — rotating to next key
      [429] key …yo0u1e rate-limited — rotating to next key
      [429] key …NIyouR rate-limited — rotating to next key
      [429] key …GBmwwE rate-limited — rotating to next key
      All 17 keys rate-limited — waiting 56s...
0 articles
    Q7 page 2/3 (20240920 to 20240926) ... 0 articles
    Q8 page 1/3 (20240920 to 20240926) ... 0 articles
    Q8 page 2/3 (20240920 to 20240926) ... 0 articles
    Q9 page 1/3 (20240920 to 20240926) ... 6 articles
    Q9 page 2/3 (20240920 to 20240926) ... 3 articles
    Q9 page 3/3 (20240920 to 20240926) ... 0 articles
    Q10 page 1/3 (20240920 to 20240926) ... 2 articles
    Q10 page 2/3 (20240920 to 20240926) ...       [429] key …9iUbZ9 rate-limited — rotating to next key
      [429] key …s8z5Tq rate-limited — rotating to next key
      [429] key …t04sxt rate-limited — rotating to next key
      [429] key …AGBGta rate-limited — rotating to next key
      [429] key …A2fc5O rate-limited — rotating to next key
      [429] key …RoGIRx rate-limited — rotating to next key
      [429] key …vQbZd9 rate-limited — rotating to next key
      [429] key …uKiyD0 rate-limited — rotating to next key
      [429] key …1WrtV7 rate-limited — rotating to next key
      [429] key …Jpr03v rate-limited — rotating to next key
      [429] key …yo0u1e rate-limited — rotating to next key
      [429] key …NIyouR rate-limited — rotating to next key
      [429] key …GBmwwE rate-limited — rotating to next key
0 articles
    => 31 written  (running total: 134)
[4/13] Week 2024-09-27
    Q1 page 1/3 (20240927 to 20241003) ... 6 articles
    Q1 page 2/3 (20240927 to 20241003) ... 0 articles
    Q2 page 1/3 (20240927 to 20241003) ... 7 articles
    Q2 page 2/3 (20240927 to 20241003) ... 9 articles
    Q2 page 3/3 (20240927 to 20241003) ... 1 articles
    Q3 page 1/3 (20240927 to 20241003) ... 0 articles
    Q3 page 2/3 (20240927 to 20241003) ... 0 articles
    Q4 page 1/3 (20240927 to 20241003) ... 4 articles
    Q4 page 2/3 (20240927 to 20241003) ... 10 articles
    Q4 page 3/3 (20240927 to 20241003) ... 0 articles
    Q5 page 1/3 (20240927 to 20241003) ... 0 articles
    Q5 page 2/3 (20240927 to 20241003) ...       [429] key …ZhfO0p rate-limited — rotating to next key
      [429] key …88t7MM rate-limited — rotating to next key
      [429] key …OE149G rate-limited — rotating to next key
      [429] key …HPD6Ch rate-limited — rotating to next key
      All 17 keys rate-limited — waiting 51s...
      [429] key …9iUbZ9 rate-limited — rotating to next key
      [429] key …s8z5Tq rate-limited — rotating to next key
      [429] key …t04sxt rate-limited — rotating to next key
      [429] key …AGBGta rate-limited — rotating to next key
      [429] key …A2fc5O rate-limited — rotating to next key
      [429] key …RoGIRx rate-limited — rotating to next key
      [429] key …vQbZd9 rate-limited — rotating to next key
      [429] key …uKiyD0 rate-limited — rotating to next key
      [429] key …1WrtV7 rate-limited — rotating to next key
      [429] key …Jpr03v rate-limited — rotating to next key
      [429] key …yo0u1e rate-limited — rotating to next key
      [429] key …NIyouR rate-limited — rotating to next key
      [429] key …GBmwwE rate-limited — rotating to next key
      All 17 keys rate-limited — waiting 11s...
0 articles
    Q6 page 1/3 (20240927 to 20241003) ... 0 articles
    Q6 page 2/3 (20240927 to 20241003) ... 0 articles
    Q7 page 1/3 (20240927 to 20241003) ... 1 articles
    Q7 page 2/3 (20240927 to 20241003) ... 0 articles
    Q8 page 1/3 (20240927 to 20241003) ... 0 articles
    Q8 page 2/3 (20240927 to 20241003) ... 0 articles
    Q9 page 1/3 (20240927 to 20241003) ... 5 articles
    Q9 page 2/3 (20240927 to 20241003) ... 0 articles
    Q9 page 3/3 (20240927 to 20241003) ... 0 articles
    Q10 page 1/3 (20240927 to 20241003) ... 4 articles
    Q10 page 2/3 (20240927 to 20241003) ... 0 articles
    => 47 written  (running total: 181)
[5/13] Week 2024-10-04
    Q1 page 1/3 (20241004 to 20241010) ... 7 articles
    Q1 page 2/3 (20241004 to 20241010) ... 0 articles
    Q2 page 1/3 (20241004 to 20241010) ... 8 articles
    Q2 page 2/3 (20241004 to 20241010) ... 0 articles
    Q2 page 3/3 (20241004 to 20241010) ... 0 articles
    Q3 page 1/3 (20241004 to 20241010) ... 4 articles
    Q3 page 2/3 (20241004 to 20241010) ... 1 articles
    Q3 page 3/3 (20241004 to 20241010) ... 0 articles
    Q4 page 1/3 (20241004 to 20241010) ... 2 articles
    Q4 page 2/3 (20241004 to 20241010) ... 7 articles
    Q4 page 3/3 (20241004 to 20241010) ... 2 articles
    Q5 page 1/3 (20241004 to 20241010) ... 0 articles
    Q5 page 2/3 (20241004 to 20241010) ...       [429] key …ZhfO0p rate-limited — rotating to next key
      [429] key …88t7MM rate-limited — rotating to next key
      [429] key …OE149G rate-limited — rotating to next key
      [429] key …HPD6Ch rate-limited — rotating to next key
      All 17 keys rate-limited — waiting 28s...
      [429] key …9iUbZ9 rate-limited — rotating to next key
      [429] key …s8z5Tq rate-limited — rotating to next key
      [429] key …t04sxt rate-limited — rotating to next key
      [429] key …AGBGta rate-limited — rotating to next key
      [429] key …A2fc5O rate-limited — rotating to next key
      [429] key …RoGIRx rate-limited — rotating to next key
      [429] key …vQbZd9 rate-limited — rotating to next key
      [429] key …uKiyD0 rate-limited — rotating to next key
      [429] key …1WrtV7 rate-limited — rotating to next key
      [429] key …Jpr03v rate-limited — rotating to next key
      [429] key …yo0u1e rate-limited — rotating to next key
      [429] key …NIyouR rate-limited — rotating to next key
      [429] key …GBmwwE rate-limited — rotating to next key
      All 17 keys rate-limited — waiting 35s...
0 articles
    Q6 page 1/3 (20241004 to 20241010) ... 0 articles
    Q6 page 2/3 (20241004 to 20241010) ... 0 articles
    Q7 page 1/3 (20241004 to 20241010) ... 0 articles
    Q7 page 2/3 (20241004 to 20241010) ... 0 articles
    Q8 page 1/3 (20241004 to 20241010) ... 0 articles
    Q8 page 2/3 (20241004 to 20241010) ... 0 articles
    Q9 page 1/3 (20241004 to 20241010) ... 5 articles
    Q9 page 2/3 (20241004 to 20241010) ... 0 articles
    Q9 page 3/3 (20241004 to 20241010) ... 0 articles
    Q10 page 1/3 (20241004 to 20241010) ... 5 articles
    Q10 page 2/3 (20241004 to 20241010) ... 0 articles
    Q10 page 3/3 (20241004 to 20241010) ... 0 articles
    => 41 written  (running total: 222)
[6/13] Week 2024-10-11
    Q1 page 1/3 (20241011 to 20241017) ... 9 articles
    Q1 page 2/3 (20241011 to 20241017) ... 0 articles
    Q2 page 1/3 (20241011 to 20241017) ... 7 articles
    Q2 page 2/3 (20241011 to 20241017) ... 2 articles
    Q2 page 3/3 (20241011 to 20241017) ... 0 articles
    Q3 page 1/3 (20241011 to 20241017) ... 3 articles
    Q3 page 2/3 (20241011 to 20241017) ... 0 articles
    Q4 page 1/3 (20241011 to 20241017) ...       [429] key …ZhfO0p rate-limited — rotating to next key
      [429] key …88t7MM rate-limited — rotating to next key
      [429] key …OE149G rate-limited — rotating to next key
      [429] key …HPD6Ch rate-limited — rotating to next key
      All 17 keys rate-limited — waiting 8s...
      [429] key …9iUbZ9 rate-limited — rotating to next key
      [429] key …s8z5Tq rate-limited — rotating to next key
      [429] key …t04sxt rate-limited — rotating to next key
      [429] key …AGBGta rate-limited — rotating to next key
      [429] key …A2fc5O rate-limited — rotating to next key
      [429] key …RoGIRx rate-limited — rotating to next key
      [429] key …vQbZd9 rate-limited — rotating to next key
      [429] key …uKiyD0 rate-limited — rotating to next key
      [429] key …1WrtV7 rate-limited — rotating to next key
      [429] key …Jpr03v rate-limited — rotating to next key
      [429] key …yo0u1e rate-limited — rotating to next key
      [429] key …NIyouR rate-limited — rotating to next key
      [429] key …GBmwwE rate-limited — rotating to next key
      All 17 keys rate-limited — waiting 54s...
7 articles
    Q4 page 2/3 (20241011 to 20241017) ... 1 articles
    Q4 page 3/3 (20241011 to 20241017) ... 0 articles
    Q5 page 1/3 (20241011 to 20241017) ... 0 articles
    Q5 page 2/3 (20241011 to 20241017) ... 0 articles
    Q6 page 1/3 (20241011 to 20241017) ... 0 articles
    Q6 page 2/3 (20241011 to 20241017) ... 0 articles
    Q7 page 1/3 (20241011 to 20241017) ... 0 articles
    Q7 page 2/3 (20241011 to 20241017) ... 0 articles
    Q8 page 1/3 (20241011 to 20241017) ... 0 articles
    Q8 page 2/3 (20241011 to 20241017) ... 0 articles
    Q9 page 1/3 (20241011 to 20241017) ... 1 articles
    Q9 page 2/3 (20241011 to 20241017) ...       [429] key …9iUbZ9 rate-limited — rotating to next key
      [429] key …s8z5Tq rate-limited — rotating to next key
      [429] key …t04sxt rate-limited — rotating to next key
      [429] key …AGBGta rate-limited — rotating to next key
      [429] key …A2fc5O rate-limited — rotating to next key
      [429] key …RoGIRx rate-limited — rotating to next key
      [429] key …vQbZd9 rate-limited — rotating to next key
      [429] key …uKiyD0 rate-limited — rotating to next key
      [429] key …1WrtV7 rate-limited — rotating to next key
      [429] key …Jpr03v rate-limited — rotating to next key
      [429] key …yo0u1e rate-limited — rotating to next key
      [429] key …NIyouR rate-limited — rotating to next key
      [429] key …GBmwwE rate-limited — rotating to next key
0 articles
    Q10 page 1/3 (20241011 to 20241017) ... 4 articles
    Q10 page 2/3 (20241011 to 20241017) ... 2 articles
    Q10 page 3/3 (20241011 to 20241017) ... 0 articles
    => 36 written  (running total: 258)
[7/13] Week 2024-10-18
    Q1 page 1/3 (20241018 to 20241024) ... 6 articles
    Q1 page 2/3 (20241018 to 20241024) ... 0 articles
    Q2 page 1/3 (20241018 to 20241024) ... 4 articles
    Q2 page 2/3 (20241018 to 20241024) ... 3 articles
    Q2 page 3/3 (20241018 to 20241024) ... 0 articles
    Q3 page 1/3 (20241018 to 20241024) ... 4 articles
    Q3 page 2/3 (20241018 to 20241024) ... 0 articles
    Q4 page 1/3 (20241018 to 20241024) ... 5 articles
    Q4 page 2/3 (20241018 to 20241024) ... 2 articles
    Q4 page 3/3 (20241018 to 20241024) ... 0 articles
    Q5 page 1/3 (20241018 to 20241024) ... 0 articles
    Q5 page 2/3 (20241018 to 20241024) ... 0 articles
    Q6 page 1/3 (20241018 to 20241024) ... 0 articles
    Q6 page 2/3 (20241018 to 20241024) ...       [429] key …88t7MM rate-limited — rotating to next key
      [429] key …OE149G rate-limited — rotating to next key
      [429] key …HPD6Ch rate-limited — rotating to next key
      [429] key …ZhfO0p rate-limited — rotating to next key
      All 17 keys rate-limited — waiting 47s...
0 articles
    Q7 page 1/3 (20241018 to 20241024) ...       [429] key …9iUbZ9 rate-limited — rotating to next key
      [429] key …s8z5Tq rate-limited — rotating to next key
      [429] key …t04sxt rate-limited — rotating to next key
      [429] key …AGBGta rate-limited — rotating to next key
      [429] key …A2fc5O rate-limited — rotating to next key
      [429] key …RoGIRx rate-limited — rotating to next key
      [429] key …vQbZd9 rate-limited — rotating to next key
      [429] key …uKiyD0 rate-limited — rotating to next key
      [429] key …1WrtV7 rate-limited — rotating to next key
      [429] key …Jpr03v rate-limited — rotating to next key
      [429] key …yo0u1e rate-limited — rotating to next key
      [429] key …NIyouR rate-limited — rotating to next key
      [429] key …GBmwwE rate-limited — rotating to next key
      All 17 keys rate-limited — waiting 14s...
1 articles
    Q7 page 2/3 (20241018 to 20241024) ... 0 articles
    Q8 page 1/3 (20241018 to 20241024) ... 0 articles
    Q8 page 2/3 (20241018 to 20241024) ... 0 articles
    Q9 page 1/3 (20241018 to 20241024) ... 7 articles
    Q9 page 2/3 (20241018 to 20241024) ... 1 articles
    Q9 page 3/3 (20241018 to 20241024) ... 0 articles
    Q10 page 1/3 (20241018 to 20241024) ... 4 articles
    Q10 page 2/3 (20241018 to 20241024) ... 0 articles
    => 37 written  (running total: 295)
[8/13] Week 2024-10-25
    Q1 page 1/3 (20241025 to 20241031) ... 5 articles
    Q1 page 2/3 (20241025 to 20241031) ... 0 articles
    Q2 page 1/3 (20241025 to 20241031) ... 5 articles
    Q2 page 2/3 (20241025 to 20241031) ... 0 articles
    Q3 page 1/3 (20241025 to 20241031) ... 5 articles
    Q3 page 2/3 (20241025 to 20241031) ... 0 articles
    Q4 page 1/3 (20241025 to 20241031) ... 7 articles
    Q4 page 2/3 (20241025 to 20241031) ... 3 articles
    Q4 page 3/3 (20241025 to 20241031) ...       [429] key …88t7MM rate-limited — rotating to next key
0 articles
    Q5 page 1/3 (20241025 to 20241031) ... 0 articles
    Q5 page 2/3 (20241025 to 20241031) ...       [429] key …ZhfO0p rate-limited — rotating to next key
      [429] key …OE149G rate-limited — rotating to next key
      [429] key …HPD6Ch rate-limited — rotating to next key
      All 17 keys rate-limited — waiting 30s...
      [429] key …9iUbZ9 rate-limited — rotating to next key
      [429] key …s8z5Tq rate-limited — rotating to next key
      [429] key …t04sxt rate-limited — rotating to next key
      [429] key …AGBGta rate-limited — rotating to next key
      [429] key …A2fc5O rate-limited — rotating to next key
      [429] key …RoGIRx rate-limited — rotating to next key
      [429] key …vQbZd9 rate-limited — rotating to next key
      [429] key …uKiyD0 rate-limited — rotating to next key
      [429] key …1WrtV7 rate-limited — rotating to next key
      [429] key …Jpr03v rate-limited — rotating to next key
      [429] key …yo0u1e rate-limited — rotating to next key
      [429] key …NIyouR rate-limited — rotating to next key
      [429] key …GBmwwE rate-limited — rotating to next key
      All 17 keys rate-limited — waiting 30s...
0 articles
    Q6 page 1/3 (20241025 to 20241031) ... 0 articles
    Q6 page 2/3 (20241025 to 20241031) ... 0 articles
    Q7 page 1/3 (20241025 to 20241031) ... 1 articles
    Q7 page 2/3 (20241025 to 20241031) ... 0 articles
    Q8 page 1/3 (20241025 to 20241031) ... 0 articles
    Q8 page 2/3 (20241025 to 20241031) ... 0 articles
    Q9 page 1/3 (20241025 to 20241031) ... 4 articles
    Q9 page 2/3 (20241025 to 20241031) ... 2 articles
    Q9 page 3/3 (20241025 to 20241031) ... 0 articles
    Q10 page 1/3 (20241025 to 20241031) ... 7 articles
    Q10 page 2/3 (20241025 to 20241031) ... 0 articles
    Q10 page 3/3 (20241025 to 20241031) ... 0 articles
    => 39 written  (running total: 334)
[9/13] Week 2024-11-01
    Q1 page 1/3 (20241101 to 20241107) ... 10 articles
    Q1 page 2/3 (20241101 to 20241107) ... 1 articles
    Q1 page 3/3 (20241101 to 20241107) ... 0 articles
    Q2 page 1/3 (20241101 to 20241107) ... 6 articles
    Q2 page 2/3 (20241101 to 20241107) ... 3 articles
    Q2 page 3/3 (20241101 to 20241107) ... 0 articles
    Q3 page 1/3 (20241101 to 20241107) ... 5 articles
    Q3 page 2/3 (20241101 to 20241107) ... 0 articles
    Q4 page 1/3 (20241101 to 20241107) ... 2 articles
    Q4 page 2/3 (20241101 to 20241107) ... 5 articles
    Q4 page 3/3 (20241101 to 20241107) ... 0 articles
    Q5 page 1/3 (20241101 to 20241107) ... 0 articles
    Q5 page 2/3 (20241101 to 20241107) ... 0 articles
    Q6 page 1/3 (20241101 to 20241107) ... 0 articles
    Q6 page 2/3 (20241101 to 20241107) ... 0 articles
    Q7 page 1/3 (20241101 to 20241107) ... 0 articles
    Q7 page 2/3 (20241101 to 20241107) ... 0 articles
    Q8 page 1/3 (20241101 to 20241107) ... 0 articles
    Q8 page 2/3 (20241101 to 20241107) ... 0 articles
    Q9 page 1/3 (20241101 to 20241107) ...       [429] key …ZhfO0p rate-limited — rotating to next key
      [429] key …88t7MM rate-limited — rotating to next key
      [429] key …OE149G rate-limited — rotating to next key
      [429] key …HPD6Ch rate-limited — rotating to next key
      All 17 keys rate-limited — waiting 1s...
      [429] key …9iUbZ9 rate-limited — rotating to next key
      [429] key …s8z5Tq rate-limited — rotating to next key
      [429] key …t04sxt rate-limited — rotating to next key
      [429] key …AGBGta rate-limited — rotating to next key
      [429] key …A2fc5O rate-limited — rotating to next key
      [429] key …RoGIRx rate-limited — rotating to next key
      [429] key …vQbZd9 rate-limited — rotating to next key
      [429] key …uKiyD0 rate-limited — rotating to next key
      [429] key …1WrtV7 rate-limited — rotating to next key
      [429] key …Jpr03v rate-limited — rotating to next key
      [429] key …yo0u1e rate-limited — rotating to next key
      [429] key …NIyouR rate-limited — rotating to next key
      [429] key …GBmwwE rate-limited — rotating to next key
      All 17 keys rate-limited — waiting 62s...
6 articles
    Q9 page 2/3 (20241101 to 20241107) ... 3 articles
    Q9 page 3/3 (20241101 to 20241107) ... 0 articles
    Q10 page 1/3 (20241101 to 20241107) ... 2 articles
    Q10 page 2/3 (20241101 to 20241107) ...       [429] key …9iUbZ9 rate-limited — rotating to next key
      [429] key …s8z5Tq rate-limited — rotating to next key
      [429] key …t04sxt rate-limited — rotating to next key
      [429] key …AGBGta rate-limited — rotating to next key
      [429] key …A2fc5O rate-limited — rotating to next key
      [429] key …RoGIRx rate-limited — rotating to next key
      [429] key …vQbZd9 rate-limited — rotating to next key
      [429] key …uKiyD0 rate-limited — rotating to next key
      [429] key …1WrtV7 rate-limited — rotating to next key
      [429] key …Jpr03v rate-limited — rotating to next key
      [429] key …yo0u1e rate-limited — rotating to next key
      [429] key …NIyouR rate-limited — rotating to next key
      [429] key …GBmwwE rate-limited — rotating to next key
1 articles
    Q10 page 3/3 (20241101 to 20241107) ... 0 articles
    => 44 written  (running total: 378)
[10/13] Week 2024-11-08
    Q1 page 1/3 (20241108 to 20241114) ... 10 articles
    Q1 page 2/3 (20241108 to 20241114) ... 4 articles
    Q1 page 3/3 (20241108 to 20241114) ... 0 articles
    Q2 page 1/3 (20241108 to 20241114) ... 6 articles
    Q2 page 2/3 (20241108 to 20241114) ... 6 articles
    Q2 page 3/3 (20241108 to 20241114) ... 0 articles
    Q3 page 1/3 (20241108 to 20241114) ... 2 articles
    Q3 page 2/3 (20241108 to 20241114) ... 0 articles
    Q4 page 1/3 (20241108 to 20241114) ... 7 articles
    Q4 page 2/3 (20241108 to 20241114) ... 4 articles
    Q4 page 3/3 (20241108 to 20241114) ... 0 articles
    Q5 page 1/3 (20241108 to 20241114) ... 0 articles
    Q5 page 2/3 (20241108 to 20241114) ... 0 articles
    Q6 page 1/3 (20241108 to 20241114) ... 0 articles
    Q6 page 2/3 (20241108 to 20241114) ...       [429] key …ZhfO0p rate-limited — rotating to next key
      [429] key …88t7MM rate-limited — rotating to next key
      [429] key …OE149G rate-limited — rotating to next key
      [429] key …HPD6Ch rate-limited — rotating to next key
      All 17 keys rate-limited — waiting 48s...
      [429] key …9iUbZ9 rate-limited — rotating to next key
      [429] key …s8z5Tq rate-limited — rotating to next key
      [429] key …t04sxt rate-limited — rotating to next key
      [429] key …AGBGta rate-limited — rotating to next key
      [429] key …A2fc5O rate-limited — rotating to next key
      [429] key …RoGIRx rate-limited — rotating to next key
      [429] key …vQbZd9 rate-limited — rotating to next key
      [429] key …uKiyD0 rate-limited — rotating to next key
      [429] key …1WrtV7 rate-limited — rotating to next key
      [429] key …Jpr03v rate-limited — rotating to next key
      [429] key …yo0u1e rate-limited — rotating to next key
      [429] key …NIyouR rate-limited — rotating to next key
      [429] key …GBmwwE rate-limited — rotating to next key
      All 17 keys rate-limited — waiting 14s...
0 articles
    Q7 page 1/3 (20241108 to 20241114) ... 0 articles
    Q7 page 2/3 (20241108 to 20241114) ... 0 articles
    Q8 page 1/3 (20241108 to 20241114) ... 0 articles
    Q8 page 2/3 (20241108 to 20241114) ... 0 articles
    Q9 page 1/3 (20241108 to 20241114) ... 7 articles
    Q9 page 2/3 (20241108 to 20241114) ... 9 articles
    Q9 page 3/3 (20241108 to 20241114) ... 0 articles
    Q10 page 1/3 (20241108 to 20241114) ... 3 articles
    Q10 page 2/3 (20241108 to 20241114) ... 0 articles
    Q10 page 3/3 (20241108 to 20241114) ... 0 articles
    => 58 written  (running total: 436)
[11/13] Week 2024-11-15
    Q1 page 1/3 (20241115 to 20241121) ... 4 articles
    Q1 page 2/3 (20241115 to 20241121) ... 0 articles
    Q2 page 1/3 (20241115 to 20241121) ... 6 articles
    Q2 page 2/3 (20241115 to 20241121) ... 0 articles
    Q3 page 1/3 (20241115 to 20241121) ... 1 articles
    Q3 page 2/3 (20241115 to 20241121) ... 0 articles
    Q4 page 1/3 (20241115 to 20241121) ... 8 articles
    Q4 page 2/3 (20241115 to 20241121) ... 0 articles
    Q5 page 1/3 (20241115 to 20241121) ... 0 articles
    Q5 page 2/3 (20241115 to 20241121) ... 0 articles
    Q6 page 1/3 (20241115 to 20241121) ... 0 articles
    Q6 page 2/3 (20241115 to 20241121) ... 0 articles
    Q7 page 1/3 (20241115 to 20241121) ... 0 articles
    Q7 page 2/3 (20241115 to 20241121) ... 0 articles
    Q8 page 1/3 (20241115 to 20241121) ... 0 articles
    Q8 page 2/3 (20241115 to 20241121) ... 0 articles
    Q9 page 1/3 (20241115 to 20241121) ...       [429] key …HPD6Ch rate-limited — rotating to next key
      [429] key …ZhfO0p rate-limited — rotating to next key
      [429] key …88t7MM rate-limited — rotating to next key
      [429] key …OE149G rate-limited — rotating to next key
      All 17 keys rate-limited — waiting 22s...
      [429] key …HPD6Ch rate-limited — rotating to next key
      [429] key …9iUbZ9 rate-limited — rotating to next key
      [429] key …s8z5Tq rate-limited — rotating to next key
      [429] key …t04sxt rate-limited — rotating to next key
      [429] key …AGBGta rate-limited — rotating to next key
      [429] key …A2fc5O rate-limited — rotating to next key
      [429] key …RoGIRx rate-limited — rotating to next key
      [429] key …vQbZd9 rate-limited — rotating to next key
      [429] key …uKiyD0 rate-limited — rotating to next key
      [429] key …1WrtV7 rate-limited — rotating to next key
      [429] key …Jpr03v rate-limited — rotating to next key
      [429] key …yo0u1e rate-limited — rotating to next key
      [429] key …NIyouR rate-limited — rotating to next key
      [429] key …GBmwwE rate-limited — rotating to next key
      All 17 keys rate-limited — waiting 41s...
7 articles
    Q9 page 2/3 (20241115 to 20241121) ... 3 articles
    Q9 page 3/3 (20241115 to 20241121) ... 0 articles
    Q10 page 1/3 (20241115 to 20241121) ... 4 articles
    Q10 page 2/3 (20241115 to 20241121) ... 1 articles
    Q10 page 3/3 (20241115 to 20241121) ... 0 articles
    => 34 written  (running total: 470)
[12/13] Week 2024-11-22
    Q1 page 1/3 (20241122 to 20241128) ... 6 articles
    Q1 page 2/3 (20241122 to 20241128) ... 0 articles
    Q2 page 1/3 (20241122 to 20241128) ... 8 articles
    Q2 page 2/3 (20241122 to 20241128) ... 6 articles
    Q2 page 3/3 (20241122 to 20241128) ... 0 articles
    Q3 page 1/3 (20241122 to 20241128) ... 3 articles
    Q3 page 2/3 (20241122 to 20241128) ... 0 articles
    Q4 page 1/3 (20241122 to 20241128) ... 5 articles
    Q4 page 2/3 (20241122 to 20241128) ... 6 articles
    Q4 page 3/3 (20241122 to 20241128) ...       [429] key …ZhfO0p rate-limited — rotating to next key
      [429] key …88t7MM rate-limited — rotating to next key
      [429] key …OE149G rate-limited — rotating to next key
      All 17 keys rate-limited — waiting 7s...
0 articles
    Q5 page 1/3 (20241122 to 20241128) ...       [429] key …9iUbZ9 rate-limited — rotating to next key
      [429] key …s8z5Tq rate-limited — rotating to next key
      [429] key …t04sxt rate-limited — rotating to next key
      [429] key …AGBGta rate-limited — rotating to next key
      [429] key …A2fc5O rate-limited — rotating to next key
      [429] key …RoGIRx rate-limited — rotating to next key
      [429] key …vQbZd9 rate-limited — rotating to next key
      [429] key …uKiyD0 rate-limited — rotating to next key
      [429] key …1WrtV7 rate-limited — rotating to next key
      [429] key …Jpr03v rate-limited — rotating to next key
      [429] key …yo0u1e rate-limited — rotating to next key
      [429] key …NIyouR rate-limited — rotating to next key
      [429] key …GBmwwE rate-limited — rotating to next key
0 articles
    Q5 page 2/3 (20241122 to 20241128) ... 0 articles
    Q6 page 1/3 (20241122 to 20241128) ... 0 articles
    Q6 page 2/3 (20241122 to 20241128) ... 0 articles
    Q7 page 1/3 (20241122 to 20241128) ...       [429] key …HPD6Ch rate-limited — rotating to next key
      All 17 keys rate-limited — waiting 51s...
      [429] key …9iUbZ9 rate-limited — rotating to next key
1 articles
    Q7 page 2/3 (20241122 to 20241128) ... 0 articles
    Q8 page 1/3 (20241122 to 20241128) ... 1 articles
    Q8 page 2/3 (20241122 to 20241128) ... 0 articles
    Q9 page 1/3 (20241122 to 20241128) ... 7 articles
    Q9 page 2/3 (20241122 to 20241128) ... 10 articles
    Q9 page 3/3 (20241122 to 20241128) ... 7 articles
    Q10 page 1/3 (20241122 to 20241128) ... 4 articles
    Q10 page 2/3 (20241122 to 20241128) ... 0 articles
    => 64 written  (running total: 534)
[13/13] Week 2024-11-29
    Q1 page 1/3 (20241129 to 20241205) ...       [429] key …s8z5Tq rate-limited — rotating to next key
      [429] key …t04sxt rate-limited — rotating to next key
      [429] key …AGBGta rate-limited — rotating to next key
      [429] key …A2fc5O rate-limited — rotating to next key
      [429] key …RoGIRx rate-limited — rotating to next key
      [429] key …vQbZd9 rate-limited — rotating to next key
      [429] key …uKiyD0 rate-limited — rotating to next key
      [429] key …1WrtV7 rate-limited — rotating to next key
      [429] key …Jpr03v rate-limited — rotating to next key
      [429] key …yo0u1e rate-limited — rotating to next key
      [429] key …NIyouR rate-limited — rotating to next key
      [429] key …GBmwwE rate-limited — rotating to next key
4 articles
    Q1 page 2/3 (20241129 to 20241205) ... 0 articles
    Q2 page 1/3 (20241129 to 20241205) ... 5 articles
    Q2 page 2/3 (20241129 to 20241205) ... 0 articles
    Q3 page 1/3 (20241129 to 20241205) ... 0 articles
    Q3 page 2/3 (20241129 to 20241205) ... 0 articles
    Q4 page 1/3 (20241129 to 20241205) ... 6 articles
    Q4 page 2/3 (20241129 to 20241205) ... 2 articles
    Q4 page 3/3 (20241129 to 20241205) ... 0 articles
    Q5 page 1/3 (20241129 to 20241205) ... 0 articles
    Q5 page 2/3 (20241129 to 20241205) ... 0 articles
    Q6 page 1/3 (20241129 to 20241205) ... 0 articles
    Q6 page 2/3 (20241129 to 20241205) ... 0 articles
    Q7 page 1/3 (20241129 to 20241205) ... 1 articles
    Q7 page 2/3 (20241129 to 20241205) ... 0 articles
    Q8 page 1/3 (20241129 to 20241205) ... 0 articles
    Q8 page 2/3 (20241129 to 20241205) ... 0 articles
    Q9 page 1/3 (20241129 to 20241205) ... 8 articles
    Q9 page 2/3 (20241129 to 20241205) ... 0 articles
    Q9 page 3/3 (20241129 to 20241205) ... 0 articles
    Q10 page 1/3 (20241129 to 20241205) ... 5 articles
    Q10 page 2/3 (20241129 to 20241205) ... 0 articles
    => 31 written  (running total: 565)

Collection complete. 565 new articles written to data/raw_articles.csv
