
=== Phase 2: Dedup + Relevance Filter ===
Raw articles   : 66410
After dedup    : 60732
New to process : 3169
  Relevance filter 1-30/3169
  Relevance filter 31-60/3169
  Relevance filter 61-90/3169
  Relevance filter 91-120/3169
  Relevance filter 121-150/3169
  Relevance filter 151-180/3169
  Relevance filter 181-210/3169
  Relevance filter 211-240/3169
  Relevance filter 241-270/3169
  Relevance filter 271-300/3169
  Relevance filter 301-330/3169
  Relevance filter 331-360/3169
  Relevance filter 361-390/3169
  Relevance filter 391-420/3169
  Relevance filter 421-450/3169
  Relevance filter 451-480/3169
  Relevance filter 481-510/3169
  Relevance filter 511-540/3169
  Relevance filter 541-570/3169
  Relevance filter 571-600/3169
  Relevance filter 601-630/3169
  Relevance filter 631-660/3169
  Relevance filter 661-690/3169
  Relevance filter 691-720/3169
  Relevance filter 721-750/3169
  Relevance filter 751-780/3169
  Relevance filter 781-810/3169
  Relevance filter 811-840/3169
  Relevance filter 841-870/3169
  Relevance filter 871-900/3169
  Relevance filter 901-930/3169
  Relevance filter 931-960/3169
  Relevance filter 961-990/3169
  Relevance filter 991-1020/3169
  Relevance filter 1021-1050/3169
  Relevance filter 1051-1080/3169
  Relevance filter 1081-1110/3169
  Relevance filter 1111-1140/3169
  Relevance filter 1141-1170/3169
  Relevance filter 1171-1200/3169
  Relevance filter 1201-1230/3169
  Relevance filter 1231-1260/3169
  Relevance filter 1261-1290/3169
  Relevance filter 1291-1320/3169
  Relevance filter 1321-1350/3169
  Relevance filter 1351-1380/3169
  Relevance filter 1381-1410/3169
  Relevance filter 1411-1440/3169
  Relevance filter 1441-1470/3169
  Relevance filter 1471-1500/3169
  Relevance filter 1501-1530/3169
  Relevance filter 1531-1560/3169
  Relevance filter 1561-1590/3169
    relevance filter error: Error code: 400 - {'type': 'error', 'error': {'type': 'invalid_request_error', 'message': 'Output blocked by content filtering policy'}, 'request_id': 'req_011CYNQJFVha6dUEvJABwEAF'} — defaulting to yes
  Relevance filter 1591-1620/3169
  Relevance filter 1621-1650/3169
  Relevance filter 1651-1680/3169
  Relevance filter 1681-1710/3169
  Relevance filter 1711-1740/3169
  Relevance filter 1741-1770/3169
  Relevance filter 1771-1800/3169
  Relevance filter 1801-1830/3169
  Relevance filter 1831-1860/3169
  Relevance filter 1861-1890/3169
  Relevance filter 1891-1920/3169
  Relevance filter 1921-1950/3169
  Relevance filter 1951-1980/3169
  Relevance filter 1981-2010/3169
  Relevance filter 2011-2040/3169
  Relevance filter 2041-2070/3169
  Relevance filter 2071-2100/3169
  Relevance filter 2101-2130/3169
  Relevance filter 2131-2160/3169
  Relevance filter 2161-2190/3169
  Relevance filter 2191-2220/3169
  Relevance filter 2221-2250/3169
  Relevance filter 2251-2280/3169
  Relevance filter 2281-2310/3169
  Relevance filter 2311-2340/3169
  Relevance filter 2341-2370/3169
  Relevance filter 2371-2400/3169
  Relevance filter 2401-2430/3169
  Relevance filter 2431-2460/3169
  Relevance filter 2461-2490/3169
  Relevance filter 2491-2520/3169
  Relevance filter 2521-2550/3169
  Relevance filter 2551-2580/3169
  Relevance filter 2581-2610/3169
  Relevance filter 2611-2640/3169
  Relevance filter 2641-2670/3169
  Relevance filter 2671-2700/3169
  Relevance filter 2701-2730/3169
  Relevance filter 2731-2760/3169
  Relevance filter 2761-2790/3169
  Relevance filter 2791-2820/3169
  Relevance filter 2821-2850/3169
  Relevance filter 2851-2880/3169
  Relevance filter 2881-2910/3169
  Relevance filter 2911-2940/3169
  Relevance filter 2941-2970/3169
  Relevance filter 2971-3000/3169
  Relevance filter 3001-3030/3169
  Relevance filter 3031-3060/3169
  Relevance filter 3061-3090/3169
  Relevance filter 3091-3120/3169
  Relevance filter 3121-3150/3169
  Relevance filter 3151-3169/3169
Relevant: 1747/3169
Phase 2 complete.
