
=== Phase 2: Dedup + Relevance Filter ===
Raw articles   : 63105
After dedup    : 57563
New to process : 2781
  Relevance filter 1-30/2781
  Relevance filter 31-60/2781
  Relevance filter 61-90/2781
  Relevance filter 91-120/2781
  Relevance filter 121-150/2781
  Relevance filter 151-180/2781
  Relevance filter 181-210/2781
  Relevance filter 211-240/2781
  Relevance filter 241-270/2781
  Relevance filter 271-300/2781
  Relevance filter 301-330/2781
  Relevance filter 331-360/2781
  Relevance filter 361-390/2781
  Relevance filter 391-420/2781
  Relevance filter 421-450/2781
  Relevance filter 451-480/2781
  Relevance filter 481-510/2781
  Relevance filter 511-540/2781
  Relevance filter 541-570/2781
  Relevance filter 571-600/2781
  Relevance filter 601-630/2781
  Relevance filter 631-660/2781
  Relevance filter 661-690/2781
  Relevance filter 691-720/2781
  Relevance filter 721-750/2781
  Relevance filter 751-780/2781
  Relevance filter 781-810/2781
  Relevance filter 811-840/2781
  Relevance filter 841-870/2781
  Relevance filter 871-900/2781
  Relevance filter 901-930/2781
  Relevance filter 931-960/2781
  Relevance filter 961-990/2781
  Relevance filter 991-1020/2781
  Relevance filter 1021-1050/2781
  Relevance filter 1051-1080/2781
  Relevance filter 1081-1110/2781
  Relevance filter 1111-1140/2781
  Relevance filter 1141-1170/2781
  Relevance filter 1171-1200/2781
  Relevance filter 1201-1230/2781
  Relevance filter 1231-1260/2781
  Relevance filter 1261-1290/2781
  Relevance filter 1291-1320/2781
  Relevance filter 1321-1350/2781
  Relevance filter 1351-1380/2781
  Relevance filter 1381-1410/2781
  Relevance filter 1411-1440/2781
  Relevance filter 1441-1470/2781
  Relevance filter 1471-1500/2781
  Relevance filter 1501-1530/2781
  Relevance filter 1531-1560/2781
  Relevance filter 1561-1590/2781
  Relevance filter 1591-1620/2781
  Relevance filter 1621-1650/2781
  Relevance filter 1651-1680/2781
  Relevance filter 1681-1710/2781
  Relevance filter 1711-1740/2781
  Relevance filter 1741-1770/2781
  Relevance filter 1771-1800/2781
  Relevance filter 1801-1830/2781
  Relevance filter 1831-1860/2781
  Relevance filter 1861-1890/2781
  Relevance filter 1891-1920/2781
  Relevance filter 1921-1950/2781
  Relevance filter 1951-1980/2781
  Relevance filter 1981-2010/2781
  Relevance filter 2011-2040/2781
  Relevance filter 2041-2070/2781
  Relevance filter 2071-2100/2781
  Relevance filter 2101-2130/2781
  Relevance filter 2131-2160/2781
  Relevance filter 2161-2190/2781
  Relevance filter 2191-2220/2781
  Relevance filter 2221-2250/2781
  Relevance filter 2251-2280/2781
  Relevance filter 2281-2310/2781
  Relevance filter 2311-2340/2781
  Relevance filter 2341-2370/2781
  Relevance filter 2371-2400/2781
  Relevance filter 2401-2430/2781
  Relevance filter 2431-2460/2781
  Relevance filter 2461-2490/2781
  Relevance filter 2491-2520/2781
  Relevance filter 2521-2550/2781
  Relevance filter 2551-2580/2781
  Relevance filter 2581-2610/2781
  Relevance filter 2611-2640/2781
  Relevance filter 2641-2670/2781
  Relevance filter 2671-2700/2781
  Relevance filter 2701-2730/2781
  Relevance filter 2731-2760/2781
  Relevance filter 2761-2781/2781
Relevant: 1543/2781
Phase 2 complete.
